<?xml version="1.0" encoding="UTF-8"?>
<!-- Generated by org.testng.reporters.JUnitReportReporter -->
<testsuite hostname="DESKTOP-8KEHNDV" failures="0" tests="1" name="Maven_testNG_JAVA_Automation.Automation.AppTest" time="0.011" errors="0" timestamp="2022-05-26T23:56:13 IST" skipped="0">
  <testcase classname="Maven_testNG_JAVA_Automation.Automation.AppTest" name="shouldAnswerWithTrue" time="0.011"/>
  <system-out/>
</testsuite> <!-- Maven_testNG_JAVA_Automation.Automation.AppTest -->
